<?xml version="1.0" encoding="UTF-8"?>
<!-- Generated by org.testng.reporters.JUnitReportReporter -->
<testsuite hostname="QT-INBG-LT1768" failures="0" tests="1" name="pom.Sign_up" time="7.853" errors="0" timestamp="2022-09-19T16:19:40 IST" skipped="0">
  <testcase classname="pom.Sign_up" name="setup" time="7.853"/>
  <system-out/>
</testsuite> <!-- pom.Sign_up -->
