<?xml version="1.0" encoding="UTF-8"?>
<!-- Generated by org.testng.reporters.JUnitReportReporter -->
<testsuite hostname="QT-INBG-LT1768" failures="0" tests="1" name="pom.Homepage" time="31.105" errors="0" timestamp="2022-09-19T15:50:38 IST" skipped="0">
  <testcase classname="pom.Homepage" name="launchBrowser" time="31.105"/>
  <system-out/>
</testsuite> <!-- pom.Homepage -->
