<?xml version="1.0" encoding="UTF-8"?>
<!-- Generated by org.testng.reporters.JUnitReportReporter -->
<testsuite hostname="QT-INBG-LT1768" failures="0" tests="1" name="pom.signin_pom" time="8.811" errors="0" timestamp="2022-09-19T16:19:40 IST" skipped="0">
  <testcase classname="pom.signin_pom" name="setup" time="8.811"/>
  <system-out/>
</testsuite> <!-- pom.signin_pom -->
