<?xml version="1.0" encoding="UTF-8"?>
<!-- Generated by org.testng.reporters.JUnitReportReporter -->
<testsuite hostname="QT-INBG-LT1768" failures="0" tests="1" name="pom.Homepage" time="30.800" errors="0" timestamp="2022-09-19T16:19:40 IST" skipped="0">
  <testcase classname="pom.Homepage" name="launchBrowser" time="30.800"/>
  <system-out/>
</testsuite> <!-- pom.Homepage -->
