<?xml version="1.0" encoding="UTF-8"?>
<!-- Generated by org.testng.reporters.JUnitReportReporter -->
<testsuite hostname="QT-INBG-LT1768" failures="0" tests="1" name="pom.Gsign_in" time="3.731" errors="0" timestamp="2022-09-19T15:50:38 IST" skipped="0">
  <testcase classname="pom.Gsign_in" name="launchBrowser" time="3.731"/>
  <system-out/>
</testsuite> <!-- pom.Gsign_in -->
